2016-03-20 17:54:15 Notice: Notice (8): Object of class Cake\View\Helper\HtmlHelper could not be converted to int in [/opt/lampp/htdocs/aplicativo/src/Template/Posts/index.ctp, line 31]
Trace:
Cake\Error\BaseErrorHandler::handleError() - CORE/src/Error/BaseErrorHandler.php, line 146
include - APP/Template/Posts/index.ctp, line 31
Cake\View\View::_evaluate() - CORE/src/View/View.php, line 992
Cake\View\View::_render() - CORE/src/View/View.php, line 952
Cake\View\View::render() - CORE/src/View/View.php, line 587
Cake\Controller\Controller::render() - CORE/src/Controller/Controller.php, line 611
Cake\Routing\Dispatcher::_invoke() - CORE/src/Routing/Dispatcher.php, line 120
Cake\Routing\Dispatcher::dispatch() - CORE/src/Routing/Dispatcher.php, line 87
[main] - ROOT/webroot/index.php, line 37



2016-03-20 17:54:37 Notice: Notice (8): Object of class Cake\View\Helper\HtmlHelper could not be converted to int in [/opt/lampp/htdocs/aplicativo/src/Template/Posts/index.ctp, line 31]
Trace:
Cake\Error\BaseErrorHandler::handleError() - CORE/src/Error/BaseErrorHandler.php, line 146
include - APP/Template/Posts/index.ctp, line 31
Cake\View\View::_evaluate() - CORE/src/View/View.php, line 992
Cake\View\View::_render() - CORE/src/View/View.php, line 952
Cake\View\View::render() - CORE/src/View/View.php, line 587
Cake\Controller\Controller::render() - CORE/src/Controller/Controller.php, line 611
Cake\Routing\Dispatcher::_invoke() - CORE/src/Routing/Dispatcher.php, line 120
Cake\Routing\Dispatcher::dispatch() - CORE/src/Routing/Dispatcher.php, line 87
[main] - ROOT/webroot/index.php, line 37



2016-03-20 18:35:39 Notice: Notice (8): Undefined variable: post in [/opt/lampp/htdocs/aplicativo/src/Template/Posts/add.ctp, line 2]
Trace:
Cake\Error\BaseErrorHandler::handleError() - CORE/src/Error/BaseErrorHandler.php, line 146
include - APP/Template/Posts/add.ctp, line 2
Cake\View\View::_evaluate() - CORE/src/View/View.php, line 992
Cake\View\View::_render() - CORE/src/View/View.php, line 952
Cake\View\View::render() - CORE/src/View/View.php, line 587
Cake\Controller\Controller::render() - CORE/src/Controller/Controller.php, line 611
Cake\Routing\Dispatcher::_invoke() - CORE/src/Routing/Dispatcher.php, line 120
Cake\Routing\Dispatcher::dispatch() - CORE/src/Routing/Dispatcher.php, line 87
[main] - ROOT/webroot/index.php, line 37



2016-03-20 21:40:24 Notice: Strict (2048): Declaration of App\Model\Table\PostsTable::validationDefault() should be compatible with Cake\ORM\Table::validationDefault(Cake\Validation\Validator $validator) in [/opt/lampp/htdocs/aplicativo/src/Model/Table/PostsTable.php, line 6]
Trace:
Cake\Error\BaseErrorHandler::handleError() - CORE/src/Error/BaseErrorHandler.php, line 146
include - APP/Model/Table/PostsTable.php, line 6
Composer\Autoload\includeFile - ROOT/vendor/composer/ClassLoader.php, line 412
Composer\Autoload\ClassLoader::loadClass() - ROOT/vendor/composer/ClassLoader.php, line 301
spl_autoload_call - [internal], line ??
class_exists - [internal], line ??
Cake\Core\App::_classExistsInBase() - CORE/src/Core/App.php, line 151
Cake\Core\App::className() - CORE/src/Core/App.php, line 64
Cake\ORM\Locator\TableLocator::_getClassName() - CORE/src/ORM/Locator/TableLocator.php, line 196
Cake\ORM\Locator\TableLocator::get() - CORE/src/ORM/Locator/TableLocator.php, line 154
Cake\Controller\Controller::loadModel() - CORE/src/Datasource/ModelAwareTrait.php, line 114
Cake\Controller\Controller::__get() - CORE/src/Controller/Controller.php, line 346
App\Controller\PostsController::index() - APP/Controller/PostsController.php, line 9
Cake\Controller\Controller::invokeAction() - CORE/src/Controller/Controller.php, line 429
Cake\Routing\Dispatcher::_invoke() - CORE/src/Routing/Dispatcher.php, line 114
Cake\Routing\Dispatcher::dispatch() - CORE/src/Routing/Dispatcher.php, line 87
[main] - ROOT/webroot/index.php, line 37



2016-03-20 21:40:27 Notice: Strict (2048): Declaration of App\Model\Table\PostsTable::validationDefault() should be compatible with Cake\ORM\Table::validationDefault(Cake\Validation\Validator $validator) in [/opt/lampp/htdocs/aplicativo/src/Model/Table/PostsTable.php, line 6]
Trace:
Cake\Error\BaseErrorHandler::handleError() - CORE/src/Error/BaseErrorHandler.php, line 146
include - APP/Model/Table/PostsTable.php, line 6
Composer\Autoload\includeFile - ROOT/vendor/composer/ClassLoader.php, line 412
Composer\Autoload\ClassLoader::loadClass() - ROOT/vendor/composer/ClassLoader.php, line 301
spl_autoload_call - [internal], line ??
class_exists - [internal], line ??
Cake\Core\App::_classExistsInBase() - CORE/src/Core/App.php, line 151
Cake\Core\App::className() - CORE/src/Core/App.php, line 64
Cake\ORM\Locator\TableLocator::_getClassName() - CORE/src/ORM/Locator/TableLocator.php, line 196
Cake\ORM\Locator\TableLocator::get() - CORE/src/ORM/Locator/TableLocator.php, line 154
Cake\Controller\Controller::loadModel() - CORE/src/Datasource/ModelAwareTrait.php, line 114
Cake\Controller\Controller::__get() - CORE/src/Controller/Controller.php, line 346
App\Controller\PostsController::add() - APP/Controller/PostsController.php, line 18
Cake\Controller\Controller::invokeAction() - CORE/src/Controller/Controller.php, line 429
Cake\Routing\Dispatcher::_invoke() - CORE/src/Routing/Dispatcher.php, line 114
Cake\Routing\Dispatcher::dispatch() - CORE/src/Routing/Dispatcher.php, line 87
[main] - ROOT/webroot/index.php, line 37



2016-03-21 12:01:30 Notice: Notice (8): Undefined variable: posts in [/opt/lampp/htdocs/aplicativo/src/Template/Posts/index.ctp, line 12]
Trace:
Cake\Error\BaseErrorHandler::handleError() - CORE/src/Error/BaseErrorHandler.php, line 146
include - APP/Template/Posts/index.ctp, line 12
Cake\View\View::_evaluate() - CORE/src/View/View.php, line 992
Cake\View\View::_render() - CORE/src/View/View.php, line 952
Cake\View\View::render() - CORE/src/View/View.php, line 587
Cake\Controller\Controller::render() - CORE/src/Controller/Controller.php, line 611
Cake\Routing\Dispatcher::_invoke() - CORE/src/Routing/Dispatcher.php, line 120
Cake\Routing\Dispatcher::dispatch() - CORE/src/Routing/Dispatcher.php, line 87
[main] - ROOT/webroot/index.php, line 37



2016-03-21 12:01:30 Notice: Notice (8): Undefined index: pageCount in [/opt/lampp/htdocs/aplicativo/vendor/cakephp/cakephp/src/View/Helper/PaginatorHelper.php, line 672]
Trace:
Cake\Error\BaseErrorHandler::handleError() - CORE/src/Error/BaseErrorHandler.php, line 146
Cake\View\Helper\PaginatorHelper::numbers() - CORE/src/View/Helper/PaginatorHelper.php, line 672
include - APP/Template/Posts/index.ctp, line 34
Cake\View\View::_evaluate() - CORE/src/View/View.php, line 992
Cake\View\View::_render() - CORE/src/View/View.php, line 952
Cake\View\View::render() - CORE/src/View/View.php, line 587
Cake\Controller\Controller::render() - CORE/src/Controller/Controller.php, line 611
Cake\Routing\Dispatcher::_invoke() - CORE/src/Routing/Dispatcher.php, line 120
Cake\Routing\Dispatcher::dispatch() - CORE/src/Routing/Dispatcher.php, line 87
[main] - ROOT/webroot/index.php, line 37



2016-03-21 12:04:34 Notice: Notice (8): Undefined variable: post in [/opt/lampp/htdocs/aplicativo/src/Template/Posts/index.ctp, line 3]
Trace:
Cake\Error\BaseErrorHandler::handleError() - CORE/src/Error/BaseErrorHandler.php, line 146
include - APP/Template/Posts/index.ctp, line 3
Cake\View\View::_evaluate() - CORE/src/View/View.php, line 992
Cake\View\View::_render() - CORE/src/View/View.php, line 952
Cake\View\View::render() - CORE/src/View/View.php, line 587
Cake\Controller\Controller::render() - CORE/src/Controller/Controller.php, line 611
Cake\Routing\Dispatcher::_invoke() - CORE/src/Routing/Dispatcher.php, line 120
Cake\Routing\Dispatcher::dispatch() - CORE/src/Routing/Dispatcher.php, line 87
[main] - ROOT/webroot/index.php, line 37



2016-03-21 12:04:34 Notice: Notice (8): Undefined variable: post in [/opt/lampp/htdocs/aplicativo/src/Template/Posts/index.ctp, line 3]
Trace:
Cake\Error\BaseErrorHandler::handleError() - CORE/src/Error/BaseErrorHandler.php, line 146
include - APP/Template/Posts/index.ctp, line 3
Cake\View\View::_evaluate() - CORE/src/View/View.php, line 992
Cake\View\View::_render() - CORE/src/View/View.php, line 952
Cake\View\View::render() - CORE/src/View/View.php, line 587
Cake\Controller\Controller::render() - CORE/src/Controller/Controller.php, line 611
Cake\Routing\Dispatcher::_invoke() - CORE/src/Routing/Dispatcher.php, line 120
Cake\Routing\Dispatcher::dispatch() - CORE/src/Routing/Dispatcher.php, line 87
[main] - ROOT/webroot/index.php, line 37



2016-03-21 12:13:41 Notice: Notice (8): Undefined variable: post in [/opt/lampp/htdocs/aplicativo/src/Template/Posts/index.ctp, line 3]
Trace:
Cake\Error\BaseErrorHandler::handleError() - CORE/src/Error/BaseErrorHandler.php, line 146
include - APP/Template/Posts/index.ctp, line 3
Cake\View\View::_evaluate() - CORE/src/View/View.php, line 992
Cake\View\View::_render() - CORE/src/View/View.php, line 952
Cake\View\View::render() - CORE/src/View/View.php, line 587
Cake\Controller\Controller::render() - CORE/src/Controller/Controller.php, line 611
Cake\Routing\Dispatcher::_invoke() - CORE/src/Routing/Dispatcher.php, line 120
Cake\Routing\Dispatcher::dispatch() - CORE/src/Routing/Dispatcher.php, line 87
[main] - ROOT/webroot/index.php, line 37



2016-03-21 12:13:48 Notice: Notice (8): Undefined variable: post in [/opt/lampp/htdocs/aplicativo/src/Template/Posts/index.ctp, line 3]
Trace:
Cake\Error\BaseErrorHandler::handleError() - CORE/src/Error/BaseErrorHandler.php, line 146
include - APP/Template/Posts/index.ctp, line 3
Cake\View\View::_evaluate() - CORE/src/View/View.php, line 992
Cake\View\View::_render() - CORE/src/View/View.php, line 952
Cake\View\View::render() - CORE/src/View/View.php, line 587
Cake\Controller\Controller::render() - CORE/src/Controller/Controller.php, line 611
Cake\Routing\Dispatcher::_invoke() - CORE/src/Routing/Dispatcher.php, line 120
Cake\Routing\Dispatcher::dispatch() - CORE/src/Routing/Dispatcher.php, line 87
[main] - ROOT/webroot/index.php, line 37



2016-03-21 12:13:50 Notice: Notice (8): Undefined variable: post in [/opt/lampp/htdocs/aplicativo/src/Template/Posts/index.ctp, line 3]
Trace:
Cake\Error\BaseErrorHandler::handleError() - CORE/src/Error/BaseErrorHandler.php, line 146
include - APP/Template/Posts/index.ctp, line 3
Cake\View\View::_evaluate() - CORE/src/View/View.php, line 992
Cake\View\View::_render() - CORE/src/View/View.php, line 952
Cake\View\View::render() - CORE/src/View/View.php, line 587
Cake\Controller\Controller::render() - CORE/src/Controller/Controller.php, line 611
Cake\Routing\Dispatcher::_invoke() - CORE/src/Routing/Dispatcher.php, line 120
Cake\Routing\Dispatcher::dispatch() - CORE/src/Routing/Dispatcher.php, line 87
[main] - ROOT/webroot/index.php, line 37



2016-03-21 12:16:33 Notice: Notice (8): Undefined variable: post in [/opt/lampp/htdocs/aplicativo/src/Template/Posts/login.ctp, line 3]
Trace:
Cake\Error\BaseErrorHandler::handleError() - CORE/src/Error/BaseErrorHandler.php, line 146
include - APP/Template/Posts/login.ctp, line 3
Cake\View\View::_evaluate() - CORE/src/View/View.php, line 992
Cake\View\View::_render() - CORE/src/View/View.php, line 952
Cake\View\View::render() - CORE/src/View/View.php, line 587
Cake\Controller\Controller::render() - CORE/src/Controller/Controller.php, line 611
Cake\Routing\Dispatcher::_invoke() - CORE/src/Routing/Dispatcher.php, line 120
Cake\Routing\Dispatcher::dispatch() - CORE/src/Routing/Dispatcher.php, line 87
[main] - ROOT/webroot/index.php, line 37



2016-03-21 12:22:44 Notice: Deprecated (16384): Controller::$layout is deprecated. Use $this->viewBuilder()->layout() instead. in [/opt/lampp/htdocs/aplicativo/vendor/cakephp/cakephp/src/Controller/Controller.php, line 375]
Trace:
Cake\Error\BaseErrorHandler::handleError() - CORE/src/Error/BaseErrorHandler.php, line 146
Cake\Controller\Controller::__set() - CORE/src/Controller/Controller.php, line 375
App\Controller\PostsController::login() - APP/Controller/PostsController.php, line 8
Cake\Controller\Controller::invokeAction() - CORE/src/Controller/Controller.php, line 429
Cake\Routing\Dispatcher::_invoke() - CORE/src/Routing/Dispatcher.php, line 114
Cake\Routing\Dispatcher::dispatch() - CORE/src/Routing/Dispatcher.php, line 87
[main] - ROOT/webroot/index.php, line 37



2016-03-21 12:24:17 Notice: Deprecated (16384): Controller::$layout is deprecated. Use $this->viewBuilder()->layout() instead. in [/opt/lampp/htdocs/aplicativo/vendor/cakephp/cakephp/src/Controller/Controller.php, line 375]
Trace:
Cake\Error\BaseErrorHandler::handleError() - CORE/src/Error/BaseErrorHandler.php, line 146
Cake\Controller\Controller::__set() - CORE/src/Controller/Controller.php, line 375
App\Controller\PostsController::login() - APP/Controller/PostsController.php, line 8
Cake\Controller\Controller::invokeAction() - CORE/src/Controller/Controller.php, line 429
Cake\Routing\Dispatcher::_invoke() - CORE/src/Routing/Dispatcher.php, line 114
Cake\Routing\Dispatcher::dispatch() - CORE/src/Routing/Dispatcher.php, line 87
[main] - ROOT/webroot/index.php, line 37



2016-03-21 12:24:20 Notice: Deprecated (16384): Controller::$layout is deprecated. Use $this->viewBuilder()->layout() instead. in [/opt/lampp/htdocs/aplicativo/vendor/cakephp/cakephp/src/Controller/Controller.php, line 375]
Trace:
Cake\Error\BaseErrorHandler::handleError() - CORE/src/Error/BaseErrorHandler.php, line 146
Cake\Controller\Controller::__set() - CORE/src/Controller/Controller.php, line 375
App\Controller\PostsController::login() - APP/Controller/PostsController.php, line 8
Cake\Controller\Controller::invokeAction() - CORE/src/Controller/Controller.php, line 429
Cake\Routing\Dispatcher::_invoke() - CORE/src/Routing/Dispatcher.php, line 114
Cake\Routing\Dispatcher::dispatch() - CORE/src/Routing/Dispatcher.php, line 87
[main] - ROOT/webroot/index.php, line 37



2016-03-21 12:24:25 Notice: Deprecated (16384): Controller::$layout is deprecated. Use $this->viewBuilder()->layout() instead. in [/opt/lampp/htdocs/aplicativo/vendor/cakephp/cakephp/src/Controller/Controller.php, line 375]
Trace:
Cake\Error\BaseErrorHandler::handleError() - CORE/src/Error/BaseErrorHandler.php, line 146
Cake\Controller\Controller::__set() - CORE/src/Controller/Controller.php, line 375
App\Controller\PostsController::login() - APP/Controller/PostsController.php, line 8
Cake\Controller\Controller::invokeAction() - CORE/src/Controller/Controller.php, line 429
Cake\Routing\Dispatcher::_invoke() - CORE/src/Routing/Dispatcher.php, line 114
Cake\Routing\Dispatcher::dispatch() - CORE/src/Routing/Dispatcher.php, line 87
[main] - ROOT/webroot/index.php, line 37



2016-03-21 12:25:06 Notice: Deprecated (16384): Controller::$layout is deprecated. Use $this->viewBuilder()->layout() instead. in [/opt/lampp/htdocs/aplicativo/vendor/cakephp/cakephp/src/Controller/Controller.php, line 375]
Trace:
Cake\Error\BaseErrorHandler::handleError() - CORE/src/Error/BaseErrorHandler.php, line 146
Cake\Controller\Controller::__set() - CORE/src/Controller/Controller.php, line 375
App\Controller\PostsController::login() - APP/Controller/PostsController.php, line 8
Cake\Controller\Controller::invokeAction() - CORE/src/Controller/Controller.php, line 429
Cake\Routing\Dispatcher::_invoke() - CORE/src/Routing/Dispatcher.php, line 114
Cake\Routing\Dispatcher::dispatch() - CORE/src/Routing/Dispatcher.php, line 87
[main] - ROOT/webroot/index.php, line 37



2016-03-21 13:05:32 Notice: Notice (8): Undefined variable: user in [/opt/lampp/htdocs/aplicativo/src/Controller/PostsController.php, line 10]
Trace:
Cake\Error\BaseErrorHandler::handleError() - CORE/src/Error/BaseErrorHandler.php, line 146
App\Controller\PostsController::login() - APP/Controller/PostsController.php, line 10
Cake\Controller\Controller::invokeAction() - CORE/src/Controller/Controller.php, line 429
Cake\Routing\Dispatcher::_invoke() - CORE/src/Routing/Dispatcher.php, line 114
Cake\Routing\Dispatcher::dispatch() - CORE/src/Routing/Dispatcher.php, line 87
[main] - ROOT/webroot/index.php, line 37



2016-03-21 13:44:28 Notice: Notice (8): Undefined variable: user in [/opt/lampp/htdocs/aplicativo/src/Template/Users/login.ctp, line 3]
Trace:
Cake\Error\BaseErrorHandler::handleError() - CORE/src/Error/BaseErrorHandler.php, line 146
include - APP/Template/Users/login.ctp, line 3
Cake\View\View::_evaluate() - CORE/src/View/View.php, line 992
Cake\View\View::_render() - CORE/src/View/View.php, line 952
Cake\View\View::render() - CORE/src/View/View.php, line 587
Cake\Controller\Controller::render() - CORE/src/Controller/Controller.php, line 611
Cake\Routing\Dispatcher::_invoke() - CORE/src/Routing/Dispatcher.php, line 120
Cake\Routing\Dispatcher::dispatch() - CORE/src/Routing/Dispatcher.php, line 87
[main] - ROOT/webroot/index.php, line 37



2016-03-21 13:45:32 Notice: Notice (8): Undefined variable: user in [/opt/lampp/htdocs/aplicativo/src/Template/Users/login.ctp, line 3]
Trace:
Cake\Error\BaseErrorHandler::handleError() - CORE/src/Error/BaseErrorHandler.php, line 146
include - APP/Template/Users/login.ctp, line 3
Cake\View\View::_evaluate() - CORE/src/View/View.php, line 992
Cake\View\View::_render() - CORE/src/View/View.php, line 952
Cake\View\View::render() - CORE/src/View/View.php, line 587
Cake\Controller\Controller::render() - CORE/src/Controller/Controller.php, line 611
Cake\Routing\Dispatcher::_invoke() - CORE/src/Routing/Dispatcher.php, line 120
Cake\Routing\Dispatcher::dispatch() - CORE/src/Routing/Dispatcher.php, line 87
[main] - ROOT/webroot/index.php, line 37



2016-03-21 13:45:34 Notice: Notice (8): Undefined variable: user in [/opt/lampp/htdocs/aplicativo/src/Template/Users/login.ctp, line 3]
Trace:
Cake\Error\BaseErrorHandler::handleError() - CORE/src/Error/BaseErrorHandler.php, line 146
include - APP/Template/Users/login.ctp, line 3
Cake\View\View::_evaluate() - CORE/src/View/View.php, line 992
Cake\View\View::_render() - CORE/src/View/View.php, line 952
Cake\View\View::render() - CORE/src/View/View.php, line 587
Cake\Controller\Controller::render() - CORE/src/Controller/Controller.php, line 611
Cake\Routing\Dispatcher::_invoke() - CORE/src/Routing/Dispatcher.php, line 120
Cake\Routing\Dispatcher::dispatch() - CORE/src/Routing/Dispatcher.php, line 87
[main] - ROOT/webroot/index.php, line 37



2016-03-21 13:45:38 Notice: Notice (8): Undefined variable: user in [/opt/lampp/htdocs/aplicativo/src/Template/Users/login.ctp, line 3]
Trace:
Cake\Error\BaseErrorHandler::handleError() - CORE/src/Error/BaseErrorHandler.php, line 146
include - APP/Template/Users/login.ctp, line 3
Cake\View\View::_evaluate() - CORE/src/View/View.php, line 992
Cake\View\View::_render() - CORE/src/View/View.php, line 952
Cake\View\View::render() - CORE/src/View/View.php, line 587
Cake\Controller\Controller::render() - CORE/src/Controller/Controller.php, line 611
Cake\Routing\Dispatcher::_invoke() - CORE/src/Routing/Dispatcher.php, line 120
Cake\Routing\Dispatcher::dispatch() - CORE/src/Routing/Dispatcher.php, line 87
[main] - ROOT/webroot/index.php, line 37



2016-03-21 13:46:53 Notice: Notice (8): Undefined variable: user in [/opt/lampp/htdocs/aplicativo/src/Template/Users/login.ctp, line 3]
Trace:
Cake\Error\BaseErrorHandler::handleError() - CORE/src/Error/BaseErrorHandler.php, line 146
include - APP/Template/Users/login.ctp, line 3
Cake\View\View::_evaluate() - CORE/src/View/View.php, line 992
Cake\View\View::_render() - CORE/src/View/View.php, line 952
Cake\View\View::render() - CORE/src/View/View.php, line 587
Cake\Controller\Controller::render() - CORE/src/Controller/Controller.php, line 611
Cake\Routing\Dispatcher::_invoke() - CORE/src/Routing/Dispatcher.php, line 120
Cake\Routing\Dispatcher::dispatch() - CORE/src/Routing/Dispatcher.php, line 87
[main] - ROOT/webroot/index.php, line 37



2016-03-21 14:32:46 Notice: Notice (8): Undefined variable: user in [/opt/lampp/htdocs/aplicativo/src/Template/Users/login.ctp, line 3]
Trace:
Cake\Error\BaseErrorHandler::handleError() - CORE/src/Error/BaseErrorHandler.php, line 146
include - APP/Template/Users/login.ctp, line 3
Cake\View\View::_evaluate() - CORE/src/View/View.php, line 992
Cake\View\View::_render() - CORE/src/View/View.php, line 952
Cake\View\View::render() - CORE/src/View/View.php, line 587
Cake\Controller\Controller::render() - CORE/src/Controller/Controller.php, line 611
Cake\Routing\Dispatcher::_invoke() - CORE/src/Routing/Dispatcher.php, line 120
Cake\Routing\Dispatcher::dispatch() - CORE/src/Routing/Dispatcher.php, line 87
[main] - ROOT/webroot/index.php, line 37



2016-03-21 14:32:50 Notice: Notice (8): Undefined variable: user in [/opt/lampp/htdocs/aplicativo/src/Template/Users/login.ctp, line 3]
Trace:
Cake\Error\BaseErrorHandler::handleError() - CORE/src/Error/BaseErrorHandler.php, line 146
include - APP/Template/Users/login.ctp, line 3
Cake\View\View::_evaluate() - CORE/src/View/View.php, line 992
Cake\View\View::_render() - CORE/src/View/View.php, line 952
Cake\View\View::render() - CORE/src/View/View.php, line 587
Cake\Controller\Controller::render() - CORE/src/Controller/Controller.php, line 611
Cake\Routing\Dispatcher::_invoke() - CORE/src/Routing/Dispatcher.php, line 120
Cake\Routing\Dispatcher::dispatch() - CORE/src/Routing/Dispatcher.php, line 87
[main] - ROOT/webroot/index.php, line 37



2016-03-21 17:24:32 Notice: Notice (8): Undefined variable: user in [/opt/lampp/htdocs/aplicativo/src/Controller/UsersController.php, line 13]
Trace:
Cake\Error\BaseErrorHandler::handleError() - CORE/src/Error/BaseErrorHandler.php, line 146
App\Controller\UsersController::login() - APP/Controller/UsersController.php, line 13
Cake\Controller\Controller::invokeAction() - CORE/src/Controller/Controller.php, line 429
Cake\Routing\Dispatcher::_invoke() - CORE/src/Routing/Dispatcher.php, line 114
Cake\Routing\Dispatcher::dispatch() - CORE/src/Routing/Dispatcher.php, line 87
[main] - ROOT/webroot/index.php, line 37



2016-03-21 17:59:16 Notice: Notice (8): Undefined variable: frutas in [/opt/lampp/htdocs/aplicativo/src/Controller/FrutasController.php, line 10]
Trace:
Cake\Error\BaseErrorHandler::handleError() - CORE/src/Error/BaseErrorHandler.php, line 146
App\Controller\FrutasController::index() - APP/Controller/FrutasController.php, line 10
Cake\Controller\Controller::invokeAction() - CORE/src/Controller/Controller.php, line 429
Cake\Routing\Dispatcher::_invoke() - CORE/src/Routing/Dispatcher.php, line 114
Cake\Routing\Dispatcher::dispatch() - CORE/src/Routing/Dispatcher.php, line 87
[main] - ROOT/webroot/index.php, line 37



2016-03-21 18:05:48 Notice: Strict (2048): Declaration of App\Controller\AppController::beforeRender() should be compatible with Cake\Controller\Controller::beforeRender(Cake\Event\Event $event) in [/opt/lampp/htdocs/aplicativo/src/Controller/AppController.php, line 30]
Trace:
Cake\Error\BaseErrorHandler::handleError() - CORE/src/Error/BaseErrorHandler.php, line 146
include - APP/Controller/AppController.php, line 30
Composer\Autoload\includeFile - ROOT/vendor/composer/ClassLoader.php, line 412
Composer\Autoload\ClassLoader::loadClass() - ROOT/vendor/composer/ClassLoader.php, line 301
spl_autoload_call - [internal], line ??
include - APP/Controller/FrutasController.php, line 5
Composer\Autoload\includeFile - ROOT/vendor/composer/ClassLoader.php, line 412
Composer\Autoload\ClassLoader::loadClass() - ROOT/vendor/composer/ClassLoader.php, line 301
spl_autoload_call - [internal], line ??
class_exists - [internal], line ??
Cake\Core\App::_classExistsInBase() - CORE/src/Core/App.php, line 151
Cake\Core\App::className() - CORE/src/Core/App.php, line 64
Cake\Routing\Filter\ControllerFactoryFilter::_getController() - CORE/src/Routing/Filter/ControllerFactoryFilter.php, line 91
Cake\Routing\Filter\ControllerFactoryFilter::beforeDispatch() - CORE/src/Routing/Filter/ControllerFactoryFilter.php, line 51
Cake\Routing\DispatcherFilter::handle() - CORE/src/Routing/DispatcherFilter.php, line 145
Cake\Event\EventManager::_callListener() - CORE/src/Event/EventManager.php, line 390
Cake\Event\EventManager::dispatch() - CORE/src/Event/EventManager.php, line 356
Cake\Routing\Dispatcher::dispatchEvent() - CORE/src/Event/EventDispatcherTrait.php, line 78
Cake\Routing\Dispatcher::dispatch() - CORE/src/Routing/Dispatcher.php, line 62
[main] - ROOT/webroot/index.php, line 37



2016-03-21 18:06:00 Notice: Strict (2048): Declaration of App\Controller\AppController::beforeRender() should be compatible with Cake\Controller\Controller::beforeRender(Cake\Event\Event $event) in [/opt/lampp/htdocs/aplicativo/src/Controller/AppController.php, line 29]
Trace:
Cake\Error\BaseErrorHandler::handleError() - CORE/src/Error/BaseErrorHandler.php, line 146
include - APP/Controller/AppController.php, line 29
Composer\Autoload\includeFile - ROOT/vendor/composer/ClassLoader.php, line 412
Composer\Autoload\ClassLoader::loadClass() - ROOT/vendor/composer/ClassLoader.php, line 301
spl_autoload_call - [internal], line ??
include - APP/Controller/FrutasController.php, line 5
Composer\Autoload\includeFile - ROOT/vendor/composer/ClassLoader.php, line 412
Composer\Autoload\ClassLoader::loadClass() - ROOT/vendor/composer/ClassLoader.php, line 301
spl_autoload_call - [internal], line ??
class_exists - [internal], line ??
Cake\Core\App::_classExistsInBase() - CORE/src/Core/App.php, line 151
Cake\Core\App::className() - CORE/src/Core/App.php, line 64
Cake\Routing\Filter\ControllerFactoryFilter::_getController() - CORE/src/Routing/Filter/ControllerFactoryFilter.php, line 91
Cake\Routing\Filter\ControllerFactoryFilter::beforeDispatch() - CORE/src/Routing/Filter/ControllerFactoryFilter.php, line 51
Cake\Routing\DispatcherFilter::handle() - CORE/src/Routing/DispatcherFilter.php, line 145
Cake\Event\EventManager::_callListener() - CORE/src/Event/EventManager.php, line 390
Cake\Event\EventManager::dispatch() - CORE/src/Event/EventManager.php, line 356
Cake\Routing\Dispatcher::dispatchEvent() - CORE/src/Event/EventDispatcherTrait.php, line 78
Cake\Routing\Dispatcher::dispatch() - CORE/src/Routing/Dispatcher.php, line 62
[main] - ROOT/webroot/index.php, line 37



2016-03-21 18:10:58 Notice: Notice (8): Undefined variable: user in [/opt/lampp/htdocs/aplicativo/src/Controller/UsersController.php, line 11]
Trace:
Cake\Error\BaseErrorHandler::handleError() - CORE/src/Error/BaseErrorHandler.php, line 146
App\Controller\UsersController::login() - APP/Controller/UsersController.php, line 11
Cake\Controller\Controller::invokeAction() - CORE/src/Controller/Controller.php, line 429
Cake\Routing\Dispatcher::_invoke() - CORE/src/Routing/Dispatcher.php, line 114
Cake\Routing\Dispatcher::dispatch() - CORE/src/Routing/Dispatcher.php, line 87
[main] - ROOT/webroot/index.php, line 37



2016-03-21 18:20:17 Notice: Notice (8): Undefined variable: user in [/opt/lampp/htdocs/aplicativo/src/Template/Users/login.ctp, line 4]
Trace:
Cake\Error\BaseErrorHandler::handleError() - CORE/src/Error/BaseErrorHandler.php, line 146
include - APP/Template/Users/login.ctp, line 4
Cake\View\View::_evaluate() - CORE/src/View/View.php, line 992
Cake\View\View::_render() - CORE/src/View/View.php, line 952
Cake\View\View::render() - CORE/src/View/View.php, line 587
Cake\Controller\Controller::render() - CORE/src/Controller/Controller.php, line 611
Cake\Routing\Dispatcher::_invoke() - CORE/src/Routing/Dispatcher.php, line 120
Cake\Routing\Dispatcher::dispatch() - CORE/src/Routing/Dispatcher.php, line 87
[main] - ROOT/webroot/index.php, line 37



2016-03-21 19:42:25 Notice: Strict (2048): Declaration of App\Controller\AppController::beforeFilter() should be compatible with Cake\Controller\Controller::beforeFilter(Cake\Event\Event $event) in [/opt/lampp/htdocs/aplicativo/src/Controller/AppController.php, line 29]
Trace:
Cake\Error\BaseErrorHandler::handleError() - CORE/src/Error/BaseErrorHandler.php, line 146
include - APP/Controller/AppController.php, line 29
Composer\Autoload\includeFile - ROOT/vendor/composer/ClassLoader.php, line 412
Composer\Autoload\ClassLoader::loadClass() - ROOT/vendor/composer/ClassLoader.php, line 301
spl_autoload_call - [internal], line ??
include - APP/Controller/UsersController.php, line 9
Composer\Autoload\includeFile - ROOT/vendor/composer/ClassLoader.php, line 412
Composer\Autoload\ClassLoader::loadClass() - ROOT/vendor/composer/ClassLoader.php, line 301
spl_autoload_call - [internal], line ??
class_exists - [internal], line ??
Cake\Core\App::_classExistsInBase() - CORE/src/Core/App.php, line 151
Cake\Core\App::className() - CORE/src/Core/App.php, line 64
Cake\Routing\Filter\ControllerFactoryFilter::_getController() - CORE/src/Routing/Filter/ControllerFactoryFilter.php, line 91
Cake\Routing\Filter\ControllerFactoryFilter::beforeDispatch() - CORE/src/Routing/Filter/ControllerFactoryFilter.php, line 51
Cake\Routing\DispatcherFilter::handle() - CORE/src/Routing/DispatcherFilter.php, line 145
Cake\Event\EventManager::_callListener() - CORE/src/Event/EventManager.php, line 390
Cake\Event\EventManager::dispatch() - CORE/src/Event/EventManager.php, line 356
Cake\Routing\Dispatcher::dispatchEvent() - CORE/src/Event/EventDispatcherTrait.php, line 78
Cake\Routing\Dispatcher::dispatch() - CORE/src/Routing/Dispatcher.php, line 62
[main] - ROOT/webroot/index.php, line 37



2016-03-22 02:05:15 Notice: Notice (8): Use of undefined constant username - assumed 'username' in [/opt/lampp/htdocs/aplicativo/src/Controller/UsersController.php, line 15]
Trace:
Cake\Error\BaseErrorHandler::handleError() - CORE/src/Error/BaseErrorHandler.php, line 146
App\Controller\UsersController::login() - APP/Controller/UsersController.php, line 15
Cake\Controller\Controller::invokeAction() - CORE/src/Controller/Controller.php, line 429
Cake\Routing\Dispatcher::_invoke() - CORE/src/Routing/Dispatcher.php, line 114
Cake\Routing\Dispatcher::dispatch() - CORE/src/Routing/Dispatcher.php, line 87
[main] - ROOT/webroot/index.php, line 37



2016-03-22 02:05:15 Notice: Notice (8): Array to string conversion in [/opt/lampp/htdocs/aplicativo/src/Controller/UsersController.php, line 15]
Trace:
Cake\Error\BaseErrorHandler::handleError() - CORE/src/Error/BaseErrorHandler.php, line 146
App\Controller\UsersController::login() - APP/Controller/UsersController.php, line 15
Cake\Controller\Controller::invokeAction() - CORE/src/Controller/Controller.php, line 429
Cake\Routing\Dispatcher::_invoke() - CORE/src/Routing/Dispatcher.php, line 114
Cake\Routing\Dispatcher::dispatch() - CORE/src/Routing/Dispatcher.php, line 87
[main] - ROOT/webroot/index.php, line 37



2016-03-22 02:05:30 Notice: Notice (8): Trying to get property of non-object in [/opt/lampp/htdocs/aplicativo/src/Controller/UsersController.php, line 15]
Trace:
Cake\Error\BaseErrorHandler::handleError() - CORE/src/Error/BaseErrorHandler.php, line 146
App\Controller\UsersController::login() - APP/Controller/UsersController.php, line 15
Cake\Controller\Controller::invokeAction() - CORE/src/Controller/Controller.php, line 429
Cake\Routing\Dispatcher::_invoke() - CORE/src/Routing/Dispatcher.php, line 114
Cake\Routing\Dispatcher::dispatch() - CORE/src/Routing/Dispatcher.php, line 87
[main] - ROOT/webroot/index.php, line 37



2016-03-22 02:08:38 Notice: Notice (8): Undefined variable: username in [/opt/lampp/htdocs/aplicativo/src/Controller/UsersController.php, line 16]
Trace:
Cake\Error\BaseErrorHandler::handleError() - CORE/src/Error/BaseErrorHandler.php, line 146
App\Controller\UsersController::login() - APP/Controller/UsersController.php, line 16
Cake\Controller\Controller::invokeAction() - CORE/src/Controller/Controller.php, line 429
Cake\Routing\Dispatcher::_invoke() - CORE/src/Routing/Dispatcher.php, line 114
Cake\Routing\Dispatcher::dispatch() - CORE/src/Routing/Dispatcher.php, line 87
[main] - ROOT/webroot/index.php, line 37



2016-03-22 02:09:20 Notice: Notice (8): Undefined variable: username in [/opt/lampp/htdocs/aplicativo/src/Controller/UsersController.php, line 16]
Trace:
Cake\Error\BaseErrorHandler::handleError() - CORE/src/Error/BaseErrorHandler.php, line 146
App\Controller\UsersController::login() - APP/Controller/UsersController.php, line 16
Cake\Controller\Controller::invokeAction() - CORE/src/Controller/Controller.php, line 429
Cake\Routing\Dispatcher::_invoke() - CORE/src/Routing/Dispatcher.php, line 114
Cake\Routing\Dispatcher::dispatch() - CORE/src/Routing/Dispatcher.php, line 87
[main] - ROOT/webroot/index.php, line 37



2016-03-22 02:50:37 Notice: Notice (8): Undefined index: Users in [/opt/lampp/htdocs/aplicativo/src/Controller/UsersController.php, line 16]
Trace:
Cake\Error\BaseErrorHandler::handleError() - CORE/src/Error/BaseErrorHandler.php, line 146
App\Controller\UsersController::login() - APP/Controller/UsersController.php, line 16
Cake\Controller\Controller::invokeAction() - CORE/src/Controller/Controller.php, line 429
Cake\Routing\Dispatcher::_invoke() - CORE/src/Routing/Dispatcher.php, line 114
Cake\Routing\Dispatcher::dispatch() - CORE/src/Routing/Dispatcher.php, line 87
[main] - ROOT/webroot/index.php, line 37



2016-03-22 02:51:33 Notice: Notice (8): Trying to get property of non-object in [/opt/lampp/htdocs/aplicativo/src/Controller/UsersController.php, line 16]
Trace:
Cake\Error\BaseErrorHandler::handleError() - CORE/src/Error/BaseErrorHandler.php, line 146
App\Controller\UsersController::login() - APP/Controller/UsersController.php, line 16
Cake\Controller\Controller::invokeAction() - CORE/src/Controller/Controller.php, line 429
Cake\Routing\Dispatcher::_invoke() - CORE/src/Routing/Dispatcher.php, line 114
Cake\Routing\Dispatcher::dispatch() - CORE/src/Routing/Dispatcher.php, line 87
[main] - ROOT/webroot/index.php, line 37



2016-03-22 11:25:09 Notice: Notice (8): Undefined variable: user in [/opt/lampp/htdocs/aplicativo/src/Template/Vendas/add.ctp, line 3]
Trace:
Cake\Error\BaseErrorHandler::handleError() - CORE/src/Error/BaseErrorHandler.php, line 146
include - APP/Template/Vendas/add.ctp, line 3
Cake\View\View::_evaluate() - CORE/src/View/View.php, line 992
Cake\View\View::_render() - CORE/src/View/View.php, line 952
Cake\View\View::render() - CORE/src/View/View.php, line 587
Cake\Controller\Controller::render() - CORE/src/Controller/Controller.php, line 611
Cake\Routing\Dispatcher::_invoke() - CORE/src/Routing/Dispatcher.php, line 120
Cake\Routing\Dispatcher::dispatch() - CORE/src/Routing/Dispatcher.php, line 87
[main] - ROOT/webroot/index.php, line 37



2016-03-22 11:25:59 Notice: Notice (8): Undefined variable: user in [/opt/lampp/htdocs/aplicativo/src/Template/Vendas/add.ctp, line 3]
Trace:
Cake\Error\BaseErrorHandler::handleError() - CORE/src/Error/BaseErrorHandler.php, line 146
include - APP/Template/Vendas/add.ctp, line 3
Cake\View\View::_evaluate() - CORE/src/View/View.php, line 992
Cake\View\View::_render() - CORE/src/View/View.php, line 952
Cake\View\View::render() - CORE/src/View/View.php, line 587
Cake\Controller\Controller::render() - CORE/src/Controller/Controller.php, line 611
Cake\Routing\Dispatcher::_invoke() - CORE/src/Routing/Dispatcher.php, line 120
Cake\Routing\Dispatcher::dispatch() - CORE/src/Routing/Dispatcher.php, line 87
[main] - ROOT/webroot/index.php, line 37



2016-03-22 11:26:08 Notice: Notice (8): Undefined variable: user in [/opt/lampp/htdocs/aplicativo/src/Template/Vendas/add.ctp, line 3]
Trace:
Cake\Error\BaseErrorHandler::handleError() - CORE/src/Error/BaseErrorHandler.php, line 146
include - APP/Template/Vendas/add.ctp, line 3
Cake\View\View::_evaluate() - CORE/src/View/View.php, line 992
Cake\View\View::_render() - CORE/src/View/View.php, line 952
Cake\View\View::render() - CORE/src/View/View.php, line 587
Cake\Controller\Controller::render() - CORE/src/Controller/Controller.php, line 611
Cake\Routing\Dispatcher::_invoke() - CORE/src/Routing/Dispatcher.php, line 120
Cake\Routing\Dispatcher::dispatch() - CORE/src/Routing/Dispatcher.php, line 87
[main] - ROOT/webroot/index.php, line 37



2016-03-22 11:26:23 Notice: Notice (8): Undefined variable: user in [/opt/lampp/htdocs/aplicativo/src/Template/Vendas/add.ctp, line 3]
Trace:
Cake\Error\BaseErrorHandler::handleError() - CORE/src/Error/BaseErrorHandler.php, line 146
include - APP/Template/Vendas/add.ctp, line 3
Cake\View\View::_evaluate() - CORE/src/View/View.php, line 992
Cake\View\View::_render() - CORE/src/View/View.php, line 952
Cake\View\View::render() - CORE/src/View/View.php, line 587
Cake\Controller\Controller::render() - CORE/src/Controller/Controller.php, line 611
Cake\Routing\Dispatcher::_invoke() - CORE/src/Routing/Dispatcher.php, line 120
Cake\Routing\Dispatcher::dispatch() - CORE/src/Routing/Dispatcher.php, line 87
[main] - ROOT/webroot/index.php, line 37



2016-03-22 11:33:07 Notice: Notice (8): Undefined variable: user in [/opt/lampp/htdocs/aplicativo/src/Template/Vendas/add.ctp, line 3]
Trace:
Cake\Error\BaseErrorHandler::handleError() - CORE/src/Error/BaseErrorHandler.php, line 146
include - APP/Template/Vendas/add.ctp, line 3
Cake\View\View::_evaluate() - CORE/src/View/View.php, line 992
Cake\View\View::_render() - CORE/src/View/View.php, line 952
Cake\View\View::render() - CORE/src/View/View.php, line 587
Cake\Controller\Controller::render() - CORE/src/Controller/Controller.php, line 611
Cake\Routing\Dispatcher::_invoke() - CORE/src/Routing/Dispatcher.php, line 120
Cake\Routing\Dispatcher::dispatch() - CORE/src/Routing/Dispatcher.php, line 87
[main] - ROOT/webroot/index.php, line 37



2016-03-22 11:36:21 Notice: Notice (8): Undefined variable: venda in [/opt/lampp/htdocs/aplicativo/src/Template/Vendas/add.ctp, line 3]
Trace:
Cake\Error\BaseErrorHandler::handleError() - CORE/src/Error/BaseErrorHandler.php, line 146
include - APP/Template/Vendas/add.ctp, line 3
Cake\View\View::_evaluate() - CORE/src/View/View.php, line 992
Cake\View\View::_render() - CORE/src/View/View.php, line 952
Cake\View\View::render() - CORE/src/View/View.php, line 587
Cake\Controller\Controller::render() - CORE/src/Controller/Controller.php, line 611
Cake\Routing\Dispatcher::_invoke() - CORE/src/Routing/Dispatcher.php, line 120
Cake\Routing\Dispatcher::dispatch() - CORE/src/Routing/Dispatcher.php, line 87
[main] - ROOT/webroot/index.php, line 37



2016-03-22 11:43:17 Notice: Notice (8): Undefined variable: vendas in [/opt/lampp/htdocs/aplicativo/src/Template/Vendas/index.ctp, line 13]
Trace:
Cake\Error\BaseErrorHandler::handleError() - CORE/src/Error/BaseErrorHandler.php, line 146
include - APP/Template/Vendas/index.ctp, line 13
Cake\View\View::_evaluate() - CORE/src/View/View.php, line 992
Cake\View\View::_render() - CORE/src/View/View.php, line 952
Cake\View\View::render() - CORE/src/View/View.php, line 587
Cake\Controller\Controller::render() - CORE/src/Controller/Controller.php, line 611
Cake\Routing\Dispatcher::_invoke() - CORE/src/Routing/Dispatcher.php, line 120
Cake\Routing\Dispatcher::dispatch() - CORE/src/Routing/Dispatcher.php, line 87
[main] - ROOT/webroot/index.php, line 37



2016-03-22 12:13:24 Notice: Notice (8): Undefined variable: vendas in [/opt/lampp/htdocs/aplicativo/src/Template/Vendas/index.ctp, line 13]
Trace:
Cake\Error\BaseErrorHandler::handleError() - CORE/src/Error/BaseErrorHandler.php, line 146
include - APP/Template/Vendas/index.ctp, line 13
Cake\View\View::_evaluate() - CORE/src/View/View.php, line 992
Cake\View\View::_render() - CORE/src/View/View.php, line 952
Cake\View\View::render() - CORE/src/View/View.php, line 587
Cake\Controller\Controller::render() - CORE/src/Controller/Controller.php, line 611
Cake\Routing\Dispatcher::_invoke() - CORE/src/Routing/Dispatcher.php, line 120
Cake\Routing\Dispatcher::dispatch() - CORE/src/Routing/Dispatcher.php, line 87
[main] - ROOT/webroot/index.php, line 37



2016-03-22 12:13:50 Notice: Notice (8): Undefined variable: vendas in [/opt/lampp/htdocs/aplicativo/src/Template/Vendas/index.ctp, line 13]
Trace:
Cake\Error\BaseErrorHandler::handleError() - CORE/src/Error/BaseErrorHandler.php, line 146
include - APP/Template/Vendas/index.ctp, line 13
Cake\View\View::_evaluate() - CORE/src/View/View.php, line 992
Cake\View\View::_render() - CORE/src/View/View.php, line 952
Cake\View\View::render() - CORE/src/View/View.php, line 587
Cake\Controller\Controller::render() - CORE/src/Controller/Controller.php, line 611
Cake\Routing\Dispatcher::_invoke() - CORE/src/Routing/Dispatcher.php, line 120
Cake\Routing\Dispatcher::dispatch() - CORE/src/Routing/Dispatcher.php, line 87
[main] - ROOT/webroot/index.php, line 37



2016-03-22 12:14:33 Notice: Notice (8): Undefined variable: vendas in [/opt/lampp/htdocs/aplicativo/src/Template/Vendas/index.ctp, line 11]
Trace:
Cake\Error\BaseErrorHandler::handleError() - CORE/src/Error/BaseErrorHandler.php, line 146
include - APP/Template/Vendas/index.ctp, line 11
Cake\View\View::_evaluate() - CORE/src/View/View.php, line 992
Cake\View\View::_render() - CORE/src/View/View.php, line 952
Cake\View\View::render() - CORE/src/View/View.php, line 587
Cake\Controller\Controller::render() - CORE/src/Controller/Controller.php, line 611
Cake\Routing\Dispatcher::_invoke() - CORE/src/Routing/Dispatcher.php, line 120
Cake\Routing\Dispatcher::dispatch() - CORE/src/Routing/Dispatcher.php, line 87
[main] - ROOT/webroot/index.php, line 37



2016-03-22 12:16:08 Notice: Notice (8): Undefined variable: vendas in [/opt/lampp/htdocs/aplicativo/src/Template/Vendas/index.ctp, line 11]
Trace:
Cake\Error\BaseErrorHandler::handleError() - CORE/src/Error/BaseErrorHandler.php, line 146
include - APP/Template/Vendas/index.ctp, line 11
Cake\View\View::_evaluate() - CORE/src/View/View.php, line 992
Cake\View\View::_render() - CORE/src/View/View.php, line 952
Cake\View\View::render() - CORE/src/View/View.php, line 587
Cake\Controller\Controller::render() - CORE/src/Controller/Controller.php, line 611
Cake\Routing\Dispatcher::_invoke() - CORE/src/Routing/Dispatcher.php, line 120
Cake\Routing\Dispatcher::dispatch() - CORE/src/Routing/Dispatcher.php, line 87
[main] - ROOT/webroot/index.php, line 37



2016-03-22 12:48:40 Notice: Notice (8): Undefined variable: fruta in [/opt/lampp/htdocs/aplicativo/src/Template/Vendas/add.ctp, line 7]
Trace:
Cake\Error\BaseErrorHandler::handleError() - CORE/src/Error/BaseErrorHandler.php, line 146
include - APP/Template/Vendas/add.ctp, line 7
Cake\View\View::_evaluate() - CORE/src/View/View.php, line 992
Cake\View\View::_render() - CORE/src/View/View.php, line 952
Cake\View\View::render() - CORE/src/View/View.php, line 587
Cake\Controller\Controller::render() - CORE/src/Controller/Controller.php, line 611
Cake\Routing\Dispatcher::_invoke() - CORE/src/Routing/Dispatcher.php, line 120
Cake\Routing\Dispatcher::dispatch() - CORE/src/Routing/Dispatcher.php, line 87
[main] - ROOT/webroot/index.php, line 37



2016-03-22 12:49:30 Notice: Notice (8): Trying to get property of non-object in [/opt/lampp/htdocs/aplicativo/src/Controller/VendasController.php, line 14]
Trace:
Cake\Error\BaseErrorHandler::handleError() - CORE/src/Error/BaseErrorHandler.php, line 146
App\Controller\VendasController::getFrutas() - APP/Controller/VendasController.php, line 14
App\Controller\VendasController::add() - APP/Controller/VendasController.php, line 31
Cake\Controller\Controller::invokeAction() - CORE/src/Controller/Controller.php, line 429
Cake\Routing\Dispatcher::_invoke() - CORE/src/Routing/Dispatcher.php, line 114
Cake\Routing\Dispatcher::dispatch() - CORE/src/Routing/Dispatcher.php, line 87
[main] - ROOT/webroot/index.php, line 37



2016-03-22 12:50:36 Notice: Notice (8): Trying to get property of non-object in [/opt/lampp/htdocs/aplicativo/src/Controller/VendasController.php, line 14]
Trace:
Cake\Error\BaseErrorHandler::handleError() - CORE/src/Error/BaseErrorHandler.php, line 146
App\Controller\VendasController::getFrutas() - APP/Controller/VendasController.php, line 14
App\Controller\VendasController::add() - APP/Controller/VendasController.php, line 31
Cake\Controller\Controller::invokeAction() - CORE/src/Controller/Controller.php, line 429
Cake\Routing\Dispatcher::_invoke() - CORE/src/Routing/Dispatcher.php, line 114
Cake\Routing\Dispatcher::dispatch() - CORE/src/Routing/Dispatcher.php, line 87
[main] - ROOT/webroot/index.php, line 37



2016-03-22 12:54:33 Notice: Notice (8): Trying to get property of non-object in [/opt/lampp/htdocs/aplicativo/src/Controller/VendasController.php, line 14]
Trace:
Cake\Error\BaseErrorHandler::handleError() - CORE/src/Error/BaseErrorHandler.php, line 146
App\Controller\VendasController::getFrutas() - APP/Controller/VendasController.php, line 14
App\Controller\VendasController::add() - APP/Controller/VendasController.php, line 31
Cake\Controller\Controller::invokeAction() - CORE/src/Controller/Controller.php, line 429
Cake\Routing\Dispatcher::_invoke() - CORE/src/Routing/Dispatcher.php, line 114
Cake\Routing\Dispatcher::dispatch() - CORE/src/Routing/Dispatcher.php, line 87
[main] - ROOT/webroot/index.php, line 37



2016-03-22 13:03:17 Notice: Notice (8): Undefined variable: fruta in [/opt/lampp/htdocs/aplicativo/src/Template/Vendas/add.ctp, line 7]
Trace:
Cake\Error\BaseErrorHandler::handleError() - CORE/src/Error/BaseErrorHandler.php, line 146
include - APP/Template/Vendas/add.ctp, line 7
Cake\View\View::_evaluate() - CORE/src/View/View.php, line 992
Cake\View\View::_render() - CORE/src/View/View.php, line 952
Cake\View\View::render() - CORE/src/View/View.php, line 587
Cake\Controller\Controller::render() - CORE/src/Controller/Controller.php, line 611
Cake\Routing\Dispatcher::_invoke() - CORE/src/Routing/Dispatcher.php, line 120
Cake\Routing\Dispatcher::dispatch() - CORE/src/Routing/Dispatcher.php, line 87
[main] - ROOT/webroot/index.php, line 37



2016-03-22 13:03:48 Notice: Notice (8): Undefined variable: fruta in [/opt/lampp/htdocs/aplicativo/src/Template/Vendas/add.ctp, line 7]
Trace:
Cake\Error\BaseErrorHandler::handleError() - CORE/src/Error/BaseErrorHandler.php, line 146
include - APP/Template/Vendas/add.ctp, line 7
Cake\View\View::_evaluate() - CORE/src/View/View.php, line 992
Cake\View\View::_render() - CORE/src/View/View.php, line 952
Cake\View\View::render() - CORE/src/View/View.php, line 587
Cake\Controller\Controller::render() - CORE/src/Controller/Controller.php, line 611
Cake\Routing\Dispatcher::_invoke() - CORE/src/Routing/Dispatcher.php, line 120
Cake\Routing\Dispatcher::dispatch() - CORE/src/Routing/Dispatcher.php, line 87
[main] - ROOT/webroot/index.php, line 37



2016-03-22 14:15:30 Notice: Notice (8): Trying to get property of non-object in [/opt/lampp/htdocs/aplicativo/src/Controller/VendasController.php, line 11]
Trace:
Cake\Error\BaseErrorHandler::handleError() - CORE/src/Error/BaseErrorHandler.php, line 146
App\Controller\VendasController::index() - APP/Controller/VendasController.php, line 11
Cake\Controller\Controller::invokeAction() - CORE/src/Controller/Controller.php, line 429
Cake\Routing\Dispatcher::_invoke() - CORE/src/Routing/Dispatcher.php, line 114
Cake\Routing\Dispatcher::dispatch() - CORE/src/Routing/Dispatcher.php, line 87
[main] - ROOT/webroot/index.php, line 37



2016-03-22 14:16:12 Notice: Notice (8): Trying to get property of non-object in [/opt/lampp/htdocs/aplicativo/src/Controller/VendasController.php, line 11]
Trace:
Cake\Error\BaseErrorHandler::handleError() - CORE/src/Error/BaseErrorHandler.php, line 146
App\Controller\VendasController::index() - APP/Controller/VendasController.php, line 11
Cake\Controller\Controller::invokeAction() - CORE/src/Controller/Controller.php, line 429
Cake\Routing\Dispatcher::_invoke() - CORE/src/Routing/Dispatcher.php, line 114
Cake\Routing\Dispatcher::dispatch() - CORE/src/Routing/Dispatcher.php, line 87
[main] - ROOT/webroot/index.php, line 37



2016-03-22 14:19:01 Notice: Notice (8): Undefined variable: groups in [/opt/lampp/htdocs/aplicativo/src/Template/Vendas/add.ctp, line 8]
Trace:
Cake\Error\BaseErrorHandler::handleError() - CORE/src/Error/BaseErrorHandler.php, line 146
include - APP/Template/Vendas/add.ctp, line 8
Cake\View\View::_evaluate() - CORE/src/View/View.php, line 992
Cake\View\View::_render() - CORE/src/View/View.php, line 952
Cake\View\View::render() - CORE/src/View/View.php, line 587
Cake\Controller\Controller::render() - CORE/src/Controller/Controller.php, line 611
Cake\Routing\Dispatcher::_invoke() - CORE/src/Routing/Dispatcher.php, line 120
Cake\Routing\Dispatcher::dispatch() - CORE/src/Routing/Dispatcher.php, line 87
[main] - ROOT/webroot/index.php, line 37



2016-03-22 14:20:17 Notice: Notice (8): Undefined variable: fruta in [/opt/lampp/htdocs/aplicativo/src/Template/Vendas/add.ctp, line 8]
Trace:
Cake\Error\BaseErrorHandler::handleError() - CORE/src/Error/BaseErrorHandler.php, line 146
include - APP/Template/Vendas/add.ctp, line 8
Cake\View\View::_evaluate() - CORE/src/View/View.php, line 992
Cake\View\View::_render() - CORE/src/View/View.php, line 952
Cake\View\View::render() - CORE/src/View/View.php, line 587
Cake\Controller\Controller::render() - CORE/src/Controller/Controller.php, line 611
Cake\Routing\Dispatcher::_invoke() - CORE/src/Routing/Dispatcher.php, line 120
Cake\Routing\Dispatcher::dispatch() - CORE/src/Routing/Dispatcher.php, line 87
[main] - ROOT/webroot/index.php, line 37



2016-03-22 14:20:21 Notice: Notice (8): Undefined variable: fruta in [/opt/lampp/htdocs/aplicativo/src/Template/Vendas/add.ctp, line 8]
Trace:
Cake\Error\BaseErrorHandler::handleError() - CORE/src/Error/BaseErrorHandler.php, line 146
include - APP/Template/Vendas/add.ctp, line 8
Cake\View\View::_evaluate() - CORE/src/View/View.php, line 992
Cake\View\View::_render() - CORE/src/View/View.php, line 952
Cake\View\View::render() - CORE/src/View/View.php, line 587
Cake\Controller\Controller::render() - CORE/src/Controller/Controller.php, line 611
Cake\Routing\Dispatcher::_invoke() - CORE/src/Routing/Dispatcher.php, line 120
Cake\Routing\Dispatcher::dispatch() - CORE/src/Routing/Dispatcher.php, line 87
[main] - ROOT/webroot/index.php, line 37



2016-03-22 14:20:43 Notice: Notice (8): Undefined variable: fruta in [/opt/lampp/htdocs/aplicativo/src/Template/Vendas/add.ctp, line 8]
Trace:
Cake\Error\BaseErrorHandler::handleError() - CORE/src/Error/BaseErrorHandler.php, line 146
include - APP/Template/Vendas/add.ctp, line 8
Cake\View\View::_evaluate() - CORE/src/View/View.php, line 992
Cake\View\View::_render() - CORE/src/View/View.php, line 952
Cake\View\View::render() - CORE/src/View/View.php, line 587
Cake\Controller\Controller::render() - CORE/src/Controller/Controller.php, line 611
Cake\Routing\Dispatcher::_invoke() - CORE/src/Routing/Dispatcher.php, line 120
Cake\Routing\Dispatcher::dispatch() - CORE/src/Routing/Dispatcher.php, line 87
[main] - ROOT/webroot/index.php, line 37



2016-03-22 14:20:45 Notice: Notice (8): Undefined variable: fruta in [/opt/lampp/htdocs/aplicativo/src/Template/Vendas/add.ctp, line 8]
Trace:
Cake\Error\BaseErrorHandler::handleError() - CORE/src/Error/BaseErrorHandler.php, line 146
include - APP/Template/Vendas/add.ctp, line 8
Cake\View\View::_evaluate() - CORE/src/View/View.php, line 992
Cake\View\View::_render() - CORE/src/View/View.php, line 952
Cake\View\View::render() - CORE/src/View/View.php, line 587
Cake\Controller\Controller::render() - CORE/src/Controller/Controller.php, line 611
Cake\Routing\Dispatcher::_invoke() - CORE/src/Routing/Dispatcher.php, line 120
Cake\Routing\Dispatcher::dispatch() - CORE/src/Routing/Dispatcher.php, line 87
[main] - ROOT/webroot/index.php, line 37



2016-03-22 14:21:30 Notice: Notice (8): Undefined variable: fruta in [/opt/lampp/htdocs/aplicativo/src/Template/Vendas/add.ctp, line 8]
Trace:
Cake\Error\BaseErrorHandler::handleError() - CORE/src/Error/BaseErrorHandler.php, line 146
include - APP/Template/Vendas/add.ctp, line 8
Cake\View\View::_evaluate() - CORE/src/View/View.php, line 992
Cake\View\View::_render() - CORE/src/View/View.php, line 952
Cake\View\View::render() - CORE/src/View/View.php, line 587
Cake\Controller\Controller::render() - CORE/src/Controller/Controller.php, line 611
Cake\Routing\Dispatcher::_invoke() - CORE/src/Routing/Dispatcher.php, line 120
Cake\Routing\Dispatcher::dispatch() - CORE/src/Routing/Dispatcher.php, line 87
[main] - ROOT/webroot/index.php, line 37



2016-03-22 14:21:38 Notice: Notice (8): Undefined variable: fruta in [/opt/lampp/htdocs/aplicativo/src/Template/Vendas/add.ctp, line 8]
Trace:
Cake\Error\BaseErrorHandler::handleError() - CORE/src/Error/BaseErrorHandler.php, line 146
include - APP/Template/Vendas/add.ctp, line 8
Cake\View\View::_evaluate() - CORE/src/View/View.php, line 992
Cake\View\View::_render() - CORE/src/View/View.php, line 952
Cake\View\View::render() - CORE/src/View/View.php, line 587
Cake\Controller\Controller::render() - CORE/src/Controller/Controller.php, line 611
Cake\Routing\Dispatcher::_invoke() - CORE/src/Routing/Dispatcher.php, line 120
Cake\Routing\Dispatcher::dispatch() - CORE/src/Routing/Dispatcher.php, line 87
[main] - ROOT/webroot/index.php, line 37



2016-03-22 14:22:23 Notice: Notice (8): Undefined variable: fruta in [/opt/lampp/htdocs/aplicativo/src/Template/Vendas/add.ctp, line 8]
Trace:
Cake\Error\BaseErrorHandler::handleError() - CORE/src/Error/BaseErrorHandler.php, line 146
include - APP/Template/Vendas/add.ctp, line 8
Cake\View\View::_evaluate() - CORE/src/View/View.php, line 992
Cake\View\View::_render() - CORE/src/View/View.php, line 952
Cake\View\View::render() - CORE/src/View/View.php, line 587
Cake\Controller\Controller::render() - CORE/src/Controller/Controller.php, line 611
Cake\Routing\Dispatcher::_invoke() - CORE/src/Routing/Dispatcher.php, line 120
Cake\Routing\Dispatcher::dispatch() - CORE/src/Routing/Dispatcher.php, line 87
[main] - ROOT/webroot/index.php, line 37



2016-03-22 14:23:39 Notice: Notice (8): Undefined variable: groups in [/opt/lampp/htdocs/aplicativo/src/Template/Vendas/add.ctp, line 8]
Trace:
Cake\Error\BaseErrorHandler::handleError() - CORE/src/Error/BaseErrorHandler.php, line 146
include - APP/Template/Vendas/add.ctp, line 8
Cake\View\View::_evaluate() - CORE/src/View/View.php, line 992
Cake\View\View::_render() - CORE/src/View/View.php, line 952
Cake\View\View::render() - CORE/src/View/View.php, line 587
Cake\Controller\Controller::render() - CORE/src/Controller/Controller.php, line 611
Cake\Routing\Dispatcher::_invoke() - CORE/src/Routing/Dispatcher.php, line 120
Cake\Routing\Dispatcher::dispatch() - CORE/src/Routing/Dispatcher.php, line 87
[main] - ROOT/webroot/index.php, line 37



